Using pre-set license
Built from '2020.3/release' branch; Version is '2020.3.7f1 (dd97f2c94397) revision 14522354'; Using compiler version '192528614'; Build Type 'Release'
OS: 'Windows 10 Pro; OS build 19043.1110; Version 2009; 64bit' Language: 'zh' Physical Memory: 16298 MB
BatchMode: 1, IsHumanControllingUs: 0, StartBugReporterOnCrash: 0, Is64bit: 1, IsPro: 0

 COMMAND LINE ARGUMENTS:
C:\Program Files\Unity\Hub\Editor\2020.3.7f1\Editor\Unity.exe
-adb2
-batchMode
-noUpm
-name
AssetImportWorker1
-projectPath
D:/Unity/project/Dear junior sister
-logFile
Logs/AssetImportWorker1.log
-srvPort
50555
Successfully changed project path to: D:/Unity/project/Dear junior sister
D:/Unity/project/Dear junior sister
Using Asset Import Pipeline V2.
Refreshing native plugins compatible for Editor in 81.33 ms, found 1 plugins.
Preloading 0 native plugins for Editor in 0.00 ms.
Initialize engine version: 2020.3.7f1 (dd97f2c94397)
[Subsystems] Discovering subsystems at path C:/Program Files/Unity/Hub/Editor/2020.3.7f1/Editor/Data/Resources/UnitySubsystems
[Subsystems] Discovering subsystems at path D:/Unity/project/Dear junior sister/Assets
GfxDevice: creating device client; threaded=0
Direct3D:
    Version:  Direct3D 11.0 [level 11.1]
    Renderer: NVIDIA GeForce GTX 965M (ID=0x1427)
    Vendor:   
    VRAM:     4055 MB
    Driver:   27.21.14.6627
Initialize mono
Mono path[0] = 'C:/Program Files/Unity/Hub/Editor/2020.3.7f1/Editor/Data/Managed'
Mono path[1] = 'C:/Program Files/Unity/Hub/Editor/2020.3.7f1/Editor/Data/MonoBleedingEdge/lib/mono/unityjit'
Mono config path = 'C:/Program Files/Unity/Hub/Editor/2020.3.7f1/Editor/Data/MonoBleedingEdge/etc'
Using monoOptions --debugger-agent=transport=dt_socket,embedding=1,server=y,suspend=n,address=127.0.0.1:56436
Begin MonoManager ReloadAssembly
Registering precompiled unity dll's ...
Register platform support module: C:/Program Files/Unity/Hub/Editor/2020.3.7f1/Editor/Data/PlaybackEngines/WebGLSupport/UnityEditor.WebGL.Extensions.dll
Register platform support module: C:/Program Files/Unity/Hub/Editor/2020.3.7f1/Editor/Data/PlaybackEngines/WindowsStandaloneSupport/UnityEditor.WindowsStandalone.Extensions.dll
Registered in 0.003096 seconds.
Native extension for WindowsStandalone target not found
Native extension for WebGL target not found
Refreshing native plugins compatible for Editor in 59.64 ms, found 1 plugins.
Preloading 0 native plugins for Editor in 0.00 ms.
Mono: successfully reloaded assembly
- Completed reload, in  2.963 seconds
Platform modules already initialized, skipping
Registering precompiled user dll's ...
Registered in 0.008871 seconds.
Begin MonoManager ReloadAssembly
Native extension for WindowsStandalone target not found
Native extension for WebGL target not found
Refreshing native plugins compatible for Editor in 91.21 ms, found 1 plugins.
Preloading 0 native plugins for Editor in 0.00 ms.
Mono: successfully reloaded assembly
- Completed reload, in  1.860 seconds
Platform modules already initialized, skipping
========================================================================
Worker process is ready to serve import requests
Launched and connected shader compiler UnityShaderCompiler.exe after 0.12 seconds
Refreshing native plugins compatible for Editor in 0.66 ms, found 1 plugins.
Preloading 0 native plugins for Editor in 0.00 ms.
Unloading 2123 Unused Serialized files (Serialized files now loaded: 0)
System memory in use before: 97.6 MB.
System memory in use after: 97.6 MB.

Unloading 37 unused Assets to reduce memory usage. Loaded Objects now: 2564.
Total: 4.519200 ms (FindLiveObjects: 0.648700 ms CreateObjectMapping: 0.663800 ms MarkObjects: 2.992600 ms  DeleteObjects: 0.212300 ms)

========================================================================
Received Import Request.
  path: Assets/Scripts/Girl.cs
  artifactKey: Guid(4b08e65de2d6a7b48a3c3ade5e0831c6) Importer(815301076,1909f56bfc062723c751e8b465ee728b)
Start importing Assets/Scripts/Girl.cs using Guid(4b08e65de2d6a7b48a3c3ade5e0831c6) Importer(815301076,1909f56bfc062723c751e8b465ee728b)  -> (artifact id: '37d93807978d1c041d8d2eb32b09007c') in 0.054831 seconds
  Import took 0.059311 seconds .

========================================================================
Received Prepare
Registering precompiled user dll's ...
Registered in 0.009114 seconds.
Begin MonoManager ReloadAssembly
Native extension for WindowsStandalone target not found
Native extension for WebGL target not found
Refreshing native plugins compatible for Editor in 0.59 ms, found 1 plugins.
Preloading 0 native plugins for Editor in 0.00 ms.
Mono: successfully reloaded assembly
- Completed reload, in  1.499 seconds
Platform modules already initialized, skipping
Refreshing native plugins compatible for Editor in 0.69 ms, found 1 plugins.
Preloading 0 native plugins for Editor in 0.00 ms.
Unloading 2115 Unused Serialized files (Serialized files now loaded: 0)
System memory in use before: 97.4 MB.
System memory in use after: 97.3 MB.

Unloading 25 unused Assets to reduce memory usage. Loaded Objects now: 2568.
Total: 3.084900 ms (FindLiveObjects: 0.261500 ms CreateObjectMapping: 0.146400 ms MarkObjects: 2.495000 ms  DeleteObjects: 0.180700 ms)

========================================================================
Received Import Request.
  Time since last request: 1270.506806 seconds.
  path: Assets/Scripts/Girl.cs
  artifactKey: Guid(4b08e65de2d6a7b48a3c3ade5e0831c6) Importer(815301076,1909f56bfc062723c751e8b465ee728b)
Start importing Assets/Scripts/Girl.cs using Guid(4b08e65de2d6a7b48a3c3ade5e0831c6) Importer(815301076,1909f56bfc062723c751e8b465ee728b)  -> (artifact id: '249d3ec58bcae71a387e906188f54a7d') in 0.016584 seconds
  Import took 0.021540 seconds .

========================================================================
Received Import Request.
  Time since last request: 0.321242 seconds.
  path: Assets/Scripts/WizardController.cs
  artifactKey: Guid(cb1c18dacc9f9ba4d96ae412f7fef089) Importer(815301076,1909f56bfc062723c751e8b465ee728b)
Start importing Assets/Scripts/WizardController.cs using Guid(cb1c18dacc9f9ba4d96ae412f7fef089) Importer(815301076,1909f56bfc062723c751e8b465ee728b)  -> (artifact id: '864609a991ff72dcfb8f62a97f0a4af2') in 0.017262 seconds
  Import took 0.021738 seconds .

========================================================================
Received Prepare
Registering precompiled user dll's ...
Registered in 0.013616 seconds.
Begin MonoManager ReloadAssembly
Native extension for WindowsStandalone target not found
Native extension for WebGL target not found
Refreshing native plugins compatible for Editor in 0.70 ms, found 1 plugins.
Preloading 0 native plugins for Editor in 0.00 ms.
Mono: successfully reloaded assembly
- Completed reload, in  1.472 seconds
Platform modules already initialized, skipping
Refreshing native plugins compatible for Editor in 0.67 ms, found 1 plugins.
Preloading 0 native plugins for Editor in 0.00 ms.
Unloading 2114 Unused Serialized files (Serialized files now loaded: 0)
System memory in use before: 97.4 MB.
System memory in use after: 97.4 MB.

Unloading 26 unused Assets to reduce memory usage. Loaded Objects now: 2571.
Total: 3.154100 ms (FindLiveObjects: 0.274500 ms CreateObjectMapping: 0.235100 ms MarkObjects: 2.493900 ms  DeleteObjects: 0.148600 ms)

========================================================================
Received Import Request.
  Time since last request: 22.953525 seconds.
  path: Assets/Scripts/Wizard.cs
  artifactKey: Guid(d862a176dc14aa54db6bd013038d4400) Importer(815301076,1909f56bfc062723c751e8b465ee728b)
Start importing Assets/Scripts/Wizard.cs using Guid(d862a176dc14aa54db6bd013038d4400) Importer(815301076,1909f56bfc062723c751e8b465ee728b)  -> (artifact id: '849b74e558a2f62b68b17028f6c575a2') in 0.045545 seconds
  Import took 0.053121 seconds .

========================================================================
Received Import Request.
  Time since last request: 0.011367 seconds.
  path: Assets/Scripts/Wizard.cs
  artifactKey: Guid(d862a176dc14aa54db6bd013038d4400) Importer(815301076,1909f56bfc062723c751e8b465ee728b)
Start importing Assets/Scripts/Wizard.cs using Guid(d862a176dc14aa54db6bd013038d4400) Importer(815301076,1909f56bfc062723c751e8b465ee728b)  -> (artifact id: '849b74e558a2f62b68b17028f6c575a2') in 0.030528 seconds
  Import took 0.040118 seconds .

========================================================================
Received Prepare
Registering precompiled user dll's ...
Registered in 0.009090 seconds.
Begin MonoManager ReloadAssembly
Native extension for WindowsStandalone target not found
Native extension for WebGL target not found
Refreshing native plugins compatible for Editor in 0.63 ms, found 1 plugins.
Preloading 0 native plugins for Editor in 0.00 ms.
Mono: successfully reloaded assembly
- Completed reload, in  1.388 seconds
Platform modules already initialized, skipping
Refreshing native plugins compatible for Editor in 0.61 ms, found 1 plugins.
Preloading 0 native plugins for Editor in 0.00 ms.
Unloading 2115 Unused Serialized files (Serialized files now loaded: 0)
System memory in use before: 97.4 MB.
System memory in use after: 97.4 MB.

Unloading 25 unused Assets to reduce memory usage. Loaded Objects now: 2576.
Total: 2.881600 ms (FindLiveObjects: 0.267500 ms CreateObjectMapping: 0.109300 ms MarkObjects: 2.376300 ms  DeleteObjects: 0.127100 ms)

========================================================================
Received Prepare
Registering precompiled user dll's ...
Registered in 0.012187 seconds.
Begin MonoManager ReloadAssembly
Native extension for WindowsStandalone target not found
Native extension for WebGL target not found
Refreshing native plugins compatible for Editor in 0.58 ms, found 1 plugins.
Preloading 0 native plugins for Editor in 0.00 ms.
Mono: successfully reloaded assembly
- Completed reload, in  1.413 seconds
Platform modules already initialized, skipping
Refreshing native plugins compatible for Editor in 0.63 ms, found 1 plugins.
Preloading 0 native plugins for Editor in 0.00 ms.
Unloading 2115 Unused Serialized files (Serialized files now loaded: 0)
System memory in use before: 97.4 MB.
System memory in use after: 97.4 MB.

Unloading 25 unused Assets to reduce memory usage. Loaded Objects now: 2580.
Total: 5.273500 ms (FindLiveObjects: 0.549300 ms CreateObjectMapping: 0.280000 ms MarkObjects: 4.165700 ms  DeleteObjects: 0.276200 ms)

========================================================================
Received Import Request.
  Time since last request: 101.424495 seconds.
  path: Assets/Scripts/Wizard.cs
  artifactKey: Guid(d862a176dc14aa54db6bd013038d4400) Importer(815301076,1909f56bfc062723c751e8b465ee728b)
Start importing Assets/Scripts/Wizard.cs using Guid(d862a176dc14aa54db6bd013038d4400) Importer(815301076,1909f56bfc062723c751e8b465ee728b)  -> (artifact id: 'e914f88ad1a8cfa6d4a8f9f9ed348eb3') in 0.008382 seconds
  Import took 0.013935 seconds .

========================================================================
Received Prepare
Registering precompiled user dll's ...
Registered in 0.011434 seconds.
Begin MonoManager ReloadAssembly
Native extension for WindowsStandalone target not found
Native extension for WebGL target not found
Refreshing native plugins compatible for Editor in 0.56 ms, found 1 plugins.
Preloading 0 native plugins for Editor in 0.00 ms.
Mono: successfully reloaded assembly
- Completed reload, in  1.368 seconds
Platform modules already initialized, skipping
Refreshing native plugins compatible for Editor in 0.63 ms, found 1 plugins.
Preloading 0 native plugins for Editor in 0.00 ms.
Unloading 2115 Unused Serialized files (Serialized files now loaded: 0)
System memory in use before: 97.4 MB.
System memory in use after: 97.4 MB.

Unloading 25 unused Assets to reduce memory usage. Loaded Objects now: 2584.
Total: 3.405500 ms (FindLiveObjects: 0.299700 ms CreateObjectMapping: 0.108200 ms MarkObjects: 2.839200 ms  DeleteObjects: 0.157200 ms)

========================================================================
Received Import Request.
  Time since last request: 87.298667 seconds.
  path: Assets/Little Cat Girl/Little_Cat_GirlRig.controller
  artifactKey: Guid(fa7e5c5873b023b44a4c18c1501221a3) Importer(815301076,1909f56bfc062723c751e8b465ee728b)
Start importing Assets/Little Cat Girl/Little_Cat_GirlRig.controller using Guid(fa7e5c5873b023b44a4c18c1501221a3) Importer(815301076,1909f56bfc062723c751e8b465ee728b)  -> (artifact id: '84903a5d0c610d2b112892ed5c97383a') in 0.117273 seconds
  Import took 0.125578 seconds .

========================================================================
Received Import Request.
  Time since last request: 201.726197 seconds.
  path: Assets/Scripts/CatGirl.cs
  artifactKey: Guid(a637609fab79bff458e34a455bc975cd) Importer(815301076,1909f56bfc062723c751e8b465ee728b)
Start importing Assets/Scripts/CatGirl.cs using Guid(a637609fab79bff458e34a455bc975cd) Importer(815301076,1909f56bfc062723c751e8b465ee728b)  -> (artifact id: 'e13daf8fa526ab630f07b4efd3d51007') in 0.028389 seconds
  Import took 0.074403 seconds .

========================================================================
Received Prepare
Registering precompiled user dll's ...
Registered in 0.012700 seconds.
Begin MonoManager ReloadAssembly
Native extension for WindowsStandalone target not found
Native extension for WebGL target not found
Refreshing native plugins compatible for Editor in 0.53 ms, found 1 plugins.
Preloading 0 native plugins for Editor in 0.00 ms.
Mono: successfully reloaded assembly
- Completed reload, in  1.521 seconds
Platform modules already initialized, skipping
Refreshing native plugins compatible for Editor in 0.60 ms, found 1 plugins.
Preloading 0 native plugins for Editor in 0.00 ms.
Unloading 2116 Unused Serialized files (Serialized files now loaded: 0)
System memory in use before: 97.5 MB.
System memory in use after: 97.5 MB.

Unloading 25 unused Assets to reduce memory usage. Loaded Objects now: 2589.
Total: 4.321300 ms (FindLiveObjects: 0.317000 ms CreateObjectMapping: 0.151000 ms MarkObjects: 3.689700 ms  DeleteObjects: 0.162100 ms)

========================================================================
Received Prepare
Registering precompiled user dll's ...
Registered in 0.010076 seconds.
Begin MonoManager ReloadAssembly
Native extension for WindowsStandalone target not found
Native extension for WebGL target not found
Refreshing native plugins compatible for Editor in 0.59 ms, found 1 plugins.
Preloading 0 native plugins for Editor in 0.00 ms.
Mono: successfully reloaded assembly
- Completed reload, in  1.496 seconds
Platform modules already initialized, skipping
Refreshing native plugins compatible for Editor in 0.70 ms, found 1 plugins.
Preloading 0 native plugins for Editor in 0.00 ms.
Unloading 2116 Unused Serialized files (Serialized files now loaded: 0)
System memory in use before: 97.5 MB.
System memory in use after: 97.5 MB.

Unloading 25 unused Assets to reduce memory usage. Loaded Objects now: 2593.
Total: 3.418500 ms (FindLiveObjects: 0.619100 ms CreateObjectMapping: 0.148400 ms MarkObjects: 2.452900 ms  DeleteObjects: 0.196600 ms)

========================================================================
Received Import Request.
  Time since last request: 26.679006 seconds.
  path: Assets/Scripts/CatGirl.cs
  artifactKey: Guid(a637609fab79bff458e34a455bc975cd) Importer(815301076,1909f56bfc062723c751e8b465ee728b)
Start importing Assets/Scripts/CatGirl.cs using Guid(a637609fab79bff458e34a455bc975cd) Importer(815301076,1909f56bfc062723c751e8b465ee728b)  -> (artifact id: 'b9028b63dadcbfcd5de6bad4c65fd2a9') in 0.008475 seconds
  Import took 0.025475 seconds .

========================================================================
Received Prepare
Registering precompiled user dll's ...
Registered in 0.011643 seconds.
Begin MonoManager ReloadAssembly
Native extension for WindowsStandalone target not found
Native extension for WebGL target not found
Refreshing native plugins compatible for Editor in 0.59 ms, found 1 plugins.
Preloading 0 native plugins for Editor in 0.00 ms.
Mono: successfully reloaded assembly
- Completed reload, in  1.318 seconds
Platform modules already initialized, skipping
Refreshing native plugins compatible for Editor in 0.76 ms, found 1 plugins.
Preloading 0 native plugins for Editor in 0.00 ms.
Unloading 2116 Unused Serialized files (Serialized files now loaded: 0)
System memory in use before: 97.5 MB.
System memory in use after: 97.5 MB.

Unloading 25 unused Assets to reduce memory usage. Loaded Objects now: 2597.
Total: 3.488900 ms (FindLiveObjects: 0.391300 ms CreateObjectMapping: 0.189700 ms MarkObjects: 2.704600 ms  DeleteObjects: 0.201600 ms)

========================================================================
Received Prepare
Registering precompiled user dll's ...
Registered in 0.010248 seconds.
Begin MonoManager ReloadAssembly
Native extension for WindowsStandalone target not found
Native extension for WebGL target not found
Refreshing native plugins compatible for Editor in 0.54 ms, found 1 plugins.
Preloading 0 native plugins for Editor in 0.00 ms.
Mono: successfully reloaded assembly
- Completed reload, in  1.533 seconds
Platform modules already initialized, skipping
Refreshing native plugins compatible for Editor in 0.81 ms, found 1 plugins.
Preloading 0 native plugins for Editor in 0.00 ms.
Unloading 2116 Unused Serialized files (Serialized files now loaded: 0)
System memory in use before: 97.5 MB.
System memory in use after: 97.5 MB.

Unloading 25 unused Assets to reduce memory usage. Loaded Objects now: 2601.
Total: 4.245000 ms (FindLiveObjects: 0.349300 ms CreateObjectMapping: 0.195100 ms MarkObjects: 3.507200 ms  DeleteObjects: 0.189500 ms)

========================================================================
Received Import Request.
  Time since last request: 401.232544 seconds.
  path: Assets/Scripts/CatGirl.cs
  artifactKey: Guid(a637609fab79bff458e34a455bc975cd) Importer(815301076,1909f56bfc062723c751e8b465ee728b)
Start importing Assets/Scripts/CatGirl.cs using Guid(a637609fab79bff458e34a455bc975cd) Importer(815301076,1909f56bfc062723c751e8b465ee728b)  -> (artifact id: '3ee83889e19ad51203bc6c54e9ee9b31') in 0.012643 seconds
  Import took 0.017625 seconds .

========================================================================
Received Import Request.
  Time since last request: 0.001815 seconds.
  path: Assets/Scripts/CatGirl.cs
  artifactKey: Guid(a637609fab79bff458e34a455bc975cd) Importer(815301076,1909f56bfc062723c751e8b465ee728b)
Start importing Assets/Scripts/CatGirl.cs using Guid(a637609fab79bff458e34a455bc975cd) Importer(815301076,1909f56bfc062723c751e8b465ee728b)  -> (artifact id: '3ee83889e19ad51203bc6c54e9ee9b31') in 0.004879 seconds
  Import took 0.011136 seconds .

========================================================================
Received Prepare
Registering precompiled user dll's ...
Registered in 0.013310 seconds.
Begin MonoManager ReloadAssembly
Native extension for WindowsStandalone target not found
Native extension for WebGL target not found
Refreshing native plugins compatible for Editor in 0.80 ms, found 1 plugins.
Preloading 0 native plugins for Editor in 0.00 ms.
Mono: successfully reloaded assembly
- Completed reload, in  1.360 seconds
Platform modules already initialized, skipping
Refreshing native plugins compatible for Editor in 0.60 ms, found 1 plugins.
Preloading 0 native plugins for Editor in 0.00 ms.
Unloading 2116 Unused Serialized files (Serialized files now loaded: 0)
System memory in use before: 97.5 MB.
System memory in use after: 97.5 MB.

Unloading 25 unused Assets to reduce memory usage. Loaded Objects now: 2605.
Total: 3.075100 ms (FindLiveObjects: 0.240000 ms CreateObjectMapping: 0.095900 ms MarkObjects: 2.608300 ms  DeleteObjects: 0.129800 ms)

========================================================================
Received Import Request.
  Time since last request: 54.122848 seconds.
  path: Assets/Kindergartner/Animations/Kindergartner.controller
  artifactKey: Guid(8be7fb15d434ba4488167abcd2b9c944) Importer(815301076,1909f56bfc062723c751e8b465ee728b)
Start importing Assets/Kindergartner/Animations/Kindergartner.controller using Guid(8be7fb15d434ba4488167abcd2b9c944) Importer(815301076,1909f56bfc062723c751e8b465ee728b)  -> (artifact id: 'f2413999b1164f00bc3f1236a56757e0') in 0.120588 seconds
  Import took 0.126670 seconds .

========================================================================
Received Prepare
Registering precompiled user dll's ...
Registered in 0.009825 seconds.
Begin MonoManager ReloadAssembly
Native extension for WindowsStandalone target not found
Native extension for WebGL target not found
Refreshing native plugins compatible for Editor in 0.68 ms, found 1 plugins.
Preloading 0 native plugins for Editor in 0.00 ms.
Mono: successfully reloaded assembly
- Completed reload, in  1.631 seconds
Platform modules already initialized, skipping
Refreshing native plugins compatible for Editor in 0.57 ms, found 1 plugins.
Preloading 0 native plugins for Editor in 0.00 ms.
Unloading 2116 Unused Serialized files (Serialized files now loaded: 0)
System memory in use before: 97.5 MB.
System memory in use after: 97.5 MB.

Unloading 25 unused Assets to reduce memory usage. Loaded Objects now: 2609.
Total: 3.075300 ms (FindLiveObjects: 0.294100 ms CreateObjectMapping: 0.116200 ms MarkObjects: 2.426200 ms  DeleteObjects: 0.238000 ms)

========================================================================
Received Prepare
Registering precompiled user dll's ...
Registered in 0.010757 seconds.
Begin MonoManager ReloadAssembly
Native extension for WindowsStandalone target not found
Native extension for WebGL target not found
Refreshing native plugins compatible for Editor in 0.68 ms, found 1 plugins.
Preloading 0 native plugins for Editor in 0.00 ms.
Mono: successfully reloaded assembly
- Completed reload, in  1.378 seconds
Platform modules already initialized, skipping
Refreshing native plugins compatible for Editor in 0.60 ms, found 1 plugins.
Preloading 0 native plugins for Editor in 0.00 ms.
Unloading 2116 Unused Serialized files (Serialized files now loaded: 0)
System memory in use before: 97.5 MB.
System memory in use after: 97.5 MB.

Unloading 25 unused Assets to reduce memory usage. Loaded Objects now: 2613.
Total: 3.347500 ms (FindLiveObjects: 0.309800 ms CreateObjectMapping: 0.180900 ms MarkObjects: 2.643800 ms  DeleteObjects: 0.211900 ms)

========================================================================
Received Import Request.
  Time since last request: 228.091546 seconds.
  path: Assets/Scripts/kindergartner.cs
  artifactKey: Guid(23f28942dfe52ad44a51a7fd08500176) Importer(815301076,1909f56bfc062723c751e8b465ee728b)
Start importing Assets/Scripts/kindergartner.cs using Guid(23f28942dfe52ad44a51a7fd08500176) Importer(815301076,1909f56bfc062723c751e8b465ee728b)  -> (artifact id: 'e5cc1d4c5439487a96f76ad131b1129b') in 0.041365 seconds
  Import took 0.050305 seconds .

========================================================================
Received Import Request.
  Time since last request: 0.007083 seconds.
  path: Assets/Scripts/kindergartner.cs
  artifactKey: Guid(23f28942dfe52ad44a51a7fd08500176) Importer(815301076,1909f56bfc062723c751e8b465ee728b)
Start importing Assets/Scripts/kindergartner.cs using Guid(23f28942dfe52ad44a51a7fd08500176) Importer(815301076,1909f56bfc062723c751e8b465ee728b)  -> (artifact id: 'e5cc1d4c5439487a96f76ad131b1129b') in 0.013475 seconds
  Import took 0.019178 seconds .

========================================================================
Received Prepare
Registering precompiled user dll's ...
Registered in 0.012228 seconds.
Begin MonoManager ReloadAssembly
Native extension for WindowsStandalone target not found
Native extension for WebGL target not found
Refreshing native plugins compatible for Editor in 0.57 ms, found 1 plugins.
Preloading 0 native plugins for Editor in 0.00 ms.
Mono: successfully reloaded assembly
- Completed reload, in  1.807 seconds
Platform modules already initialized, skipping
Refreshing native plugins compatible for Editor in 0.59 ms, found 1 plugins.
Preloading 0 native plugins for Editor in 0.00 ms.
Unloading 2117 Unused Serialized files (Serialized files now loaded: 0)
System memory in use before: 97.6 MB.
System memory in use after: 97.6 MB.

Unloading 25 unused Assets to reduce memory usage. Loaded Objects now: 2618.
Total: 3.248300 ms (FindLiveObjects: 0.381500 ms CreateObjectMapping: 0.140700 ms MarkObjects: 2.530900 ms  DeleteObjects: 0.193800 ms)

========================================================================
Received Import Request.
  Time since last request: 64.222753 seconds.
  path: Assets/Scripts/kindergartner.cs
  artifactKey: Guid(23f28942dfe52ad44a51a7fd08500176) Importer(815301076,1909f56bfc062723c751e8b465ee728b)
Start importing Assets/Scripts/kindergartner.cs using Guid(23f28942dfe52ad44a51a7fd08500176) Importer(815301076,1909f56bfc062723c751e8b465ee728b)  -> (artifact id: 'c64b3a9e67effc3f6115027511063695') in 0.038860 seconds
  Import took 0.122514 seconds .

========================================================================
Received Prepare
Registering precompiled user dll's ...
Registered in 0.011085 seconds.
Begin MonoManager ReloadAssembly
Native extension for WindowsStandalone target not found
Native extension for WebGL target not found
Refreshing native plugins compatible for Editor in 0.58 ms, found 1 plugins.
Preloading 0 native plugins for Editor in 0.00 ms.
Mono: successfully reloaded assembly
- Completed reload, in  1.343 seconds
Platform modules already initialized, skipping
Refreshing native plugins compatible for Editor in 0.67 ms, found 1 plugins.
Preloading 0 native plugins for Editor in 0.00 ms.
Unloading 2117 Unused Serialized files (Serialized files now loaded: 0)
System memory in use before: 97.6 MB.
System memory in use after: 97.6 MB.

Unloading 25 unused Assets to reduce memory usage. Loaded Objects now: 2622.
Total: 3.105900 ms (FindLiveObjects: 0.282800 ms CreateObjectMapping: 0.112400 ms MarkObjects: 2.510900 ms  DeleteObjects: 0.197600 ms)

========================================================================
Received Prepare
Registering precompiled user dll's ...
Registered in 0.009104 seconds.
Begin MonoManager ReloadAssembly
Native extension for WindowsStandalone target not found
Native extension for WebGL target not found
Refreshing native plugins compatible for Editor in 0.76 ms, found 1 plugins.
Preloading 0 native plugins for Editor in 0.00 ms.
Mono: successfully reloaded assembly
- Completed reload, in  1.806 seconds
Platform modules already initialized, skipping
Refreshing native plugins compatible for Editor in 1.48 ms, found 1 plugins.
Preloading 0 native plugins for Editor in 0.00 ms.
Unloading 2117 Unused Serialized files (Serialized files now loaded: 0)
System memory in use before: 97.6 MB.
System memory in use after: 97.6 MB.

Unloading 25 unused Assets to reduce memory usage. Loaded Objects now: 2626.
Total: 6.302600 ms (FindLiveObjects: 0.977600 ms CreateObjectMapping: 0.565800 ms MarkObjects: 4.591500 ms  DeleteObjects: 0.164300 ms)

========================================================================
Received Import Request.
  Time since last request: 142.196128 seconds.
  path: Assets/Scripts/kindergartner.cs
  artifactKey: Guid(23f28942dfe52ad44a51a7fd08500176) Importer(815301076,1909f56bfc062723c751e8b465ee728b)
Start importing Assets/Scripts/kindergartner.cs using Guid(23f28942dfe52ad44a51a7fd08500176) Importer(815301076,1909f56bfc062723c751e8b465ee728b)  -> (artifact id: '829bc0976a9e256705b5bd6fc689afe9') in 0.024704 seconds
  Import took 0.052096 seconds .

========================================================================
Received Prepare
Registering precompiled user dll's ...
Registered in 0.013923 seconds.
Begin MonoManager ReloadAssembly
Native extension for WindowsStandalone target not found
Native extension for WebGL target not found
Refreshing native plugins compatible for Editor in 0.54 ms, found 1 plugins.
Preloading 0 native plugins for Editor in 0.00 ms.
Mono: successfully reloaded assembly
- Completed reload, in  1.331 seconds
Platform modules already initialized, skipping
Refreshing native plugins compatible for Editor in 0.61 ms, found 1 plugins.
Preloading 0 native plugins for Editor in 0.00 ms.
Unloading 2117 Unused Serialized files (Serialized files now loaded: 0)
System memory in use before: 97.6 MB.
System memory in use after: 97.6 MB.

Unloading 25 unused Assets to reduce memory usage. Loaded Objects now: 2630.
Total: 3.246200 ms (FindLiveObjects: 0.264100 ms CreateObjectMapping: 0.089700 ms MarkObjects: 2.752600 ms  DeleteObjects: 0.138500 ms)

========================================================================
Received Prepare
Registering precompiled user dll's ...
Registered in 0.011929 seconds.
Begin MonoManager ReloadAssembly
Native extension for WindowsStandalone target not found
Native extension for WebGL target not found
Refreshing native plugins compatible for Editor in 0.56 ms, found 1 plugins.
Preloading 0 native plugins for Editor in 0.00 ms.
Mono: successfully reloaded assembly
- Completed reload, in  1.527 seconds
Platform modules already initialized, skipping
Refreshing native plugins compatible for Editor in 0.63 ms, found 1 plugins.
Preloading 0 native plugins for Editor in 0.00 ms.
Unloading 2117 Unused Serialized files (Serialized files now loaded: 0)
System memory in use before: 97.6 MB.
System memory in use after: 97.6 MB.

Unloading 25 unused Assets to reduce memory usage. Loaded Objects now: 2634.
Total: 3.035500 ms (FindLiveObjects: 0.266500 ms CreateObjectMapping: 0.092700 ms MarkObjects: 2.477800 ms  DeleteObjects: 0.197100 ms)

========================================================================
Received Import Request.
  Time since last request: 92.506359 seconds.
  path: Assets/Scripts/Kindergartner.cs
  artifactKey: Guid(23f28942dfe52ad44a51a7fd08500176) Importer(815301076,1909f56bfc062723c751e8b465ee728b)
Start importing Assets/Scripts/Kindergartner.cs using Guid(23f28942dfe52ad44a51a7fd08500176) Importer(815301076,1909f56bfc062723c751e8b465ee728b)  -> (artifact id: 'dfd232a89004ce3b17b7f68c6c516a22') in 0.012551 seconds
  Import took 0.040203 seconds .

========================================================================
Received Import Request.
  Time since last request: 8.281657 seconds.
  path: Assets/Scripts/Girl.cs
  artifactKey: Guid(4b08e65de2d6a7b48a3c3ade5e0831c6) Importer(815301076,1909f56bfc062723c751e8b465ee728b)
Start importing Assets/Scripts/Girl.cs using Guid(4b08e65de2d6a7b48a3c3ade5e0831c6) Importer(815301076,1909f56bfc062723c751e8b465ee728b)  -> (artifact id: '00edfe5794ff5ade5e0a0417d2f3c405') in 0.013631 seconds
  Import took 0.018446 seconds .

========================================================================
Received Import Request.
  Time since last request: 150.673292 seconds.
  path: Assets/Little Cat Girl/Little_Cat_GirlRig.controller
  artifactKey: Guid(fa7e5c5873b023b44a4c18c1501221a3) Importer(815301076,1909f56bfc062723c751e8b465ee728b)
Start importing Assets/Little Cat Girl/Little_Cat_GirlRig.controller using Guid(fa7e5c5873b023b44a4c18c1501221a3) Importer(815301076,1909f56bfc062723c751e8b465ee728b)  -> (artifact id: 'e3fca209f9a89f5de036fab23916cac3') in 0.044660 seconds
  Import took 0.055264 seconds .

========================================================================
Received Import Request.
  Time since last request: 4.845045 seconds.
  path: Assets/Wizard - 2D Character/Animations/Wizard Demo.controller
  artifactKey: Guid(fe79526b5cda9684bbfddbfe18a7f75c) Importer(815301076,1909f56bfc062723c751e8b465ee728b)
Start importing Assets/Wizard - 2D Character/Animations/Wizard Demo.controller using Guid(fe79526b5cda9684bbfddbfe18a7f75c) Importer(815301076,1909f56bfc062723c751e8b465ee728b)  -> (artifact id: '237f6c524d197dc9eee2dc1db1cc34c2') in 0.097794 seconds
  Import took 0.106354 seconds .

========================================================================
Received Prepare
Registering precompiled user dll's ...
Registered in 0.010773 seconds.
Begin MonoManager ReloadAssembly
Native extension for WindowsStandalone target not found
Native extension for WebGL target not found
Refreshing native plugins compatible for Editor in 0.55 ms, found 1 plugins.
Preloading 0 native plugins for Editor in 0.00 ms.
Mono: successfully reloaded assembly
- Completed reload, in  1.485 seconds
Platform modules already initialized, skipping
Refreshing native plugins compatible for Editor in 0.58 ms, found 1 plugins.
Preloading 0 native plugins for Editor in 0.00 ms.
Unloading 2117 Unused Serialized files (Serialized files now loaded: 0)
System memory in use before: 97.6 MB.
System memory in use after: 97.6 MB.

Unloading 25 unused Assets to reduce memory usage. Loaded Objects now: 2638.
Total: 8.144200 ms (FindLiveObjects: 0.290000 ms CreateObjectMapping: 0.115400 ms MarkObjects: 7.558500 ms  DeleteObjects: 0.178600 ms)

========================================================================
Received Import Request.
  Time since last request: 54.159096 seconds.
  path: Assets/AnimeGirls/BaseCharacter/Demo files/AC.controller
  artifactKey: Guid(f198b02e0e99f8d458e8beaa4c101d65) Importer(815301076,1909f56bfc062723c751e8b465ee728b)
Start importing Assets/AnimeGirls/BaseCharacter/Demo files/AC.controller using Guid(f198b02e0e99f8d458e8beaa4c101d65) Importer(815301076,1909f56bfc062723c751e8b465ee728b)  -> (artifact id: '1e794aea565ad1465030a02fd8620ccb') in 0.087618 seconds
  Import took 0.131771 seconds .

========================================================================
Received Prepare
Registering precompiled user dll's ...
Registered in 0.026723 seconds.
Begin MonoManager ReloadAssembly
Native extension for WindowsStandalone target not found
Native extension for WebGL target not found
Refreshing native plugins compatible for Editor in 1.24 ms, found 1 plugins.
Preloading 0 native plugins for Editor in 0.00 ms.
Mono: successfully reloaded assembly
- Completed reload, in  2.490 seconds
Platform modules already initialized, skipping
Refreshing native plugins compatible for Editor in 1.28 ms, found 1 plugins.
Preloading 0 native plugins for Editor in 0.00 ms.
Unloading 2117 Unused Serialized files (Serialized files now loaded: 0)
System memory in use before: 97.6 MB.
System memory in use after: 97.6 MB.

Unloading 25 unused Assets to reduce memory usage. Loaded Objects now: 2642.
Total: 5.324900 ms (FindLiveObjects: 0.544700 ms CreateObjectMapping: 0.794600 ms MarkObjects: 3.821100 ms  DeleteObjects: 0.162400 ms)

========================================================================
Received Import Request.
  Time since last request: 214.121002 seconds.
  path: Assets/Scenes/SampleScene.unity
  artifactKey: Guid(2cda990e2423bbf4892e6590ba056729) Importer(815301076,1909f56bfc062723c751e8b465ee728b)
Start importing Assets/Scenes/SampleScene.unity using Guid(2cda990e2423bbf4892e6590ba056729) Importer(815301076,1909f56bfc062723c751e8b465ee728b)  -> (artifact id: 'b1bc9942333aba18e9c7333d8091841e') in 0.029114 seconds
  Import took 0.374720 seconds .

========================================================================
Received Import Request.
  Time since last request: 78.268495 seconds.
  path: Assets/Scripts/JuniorSister.cs
  artifactKey: Guid(bac283a2d66ef9f409bbbcd51246bc7c) Importer(815301076,1909f56bfc062723c751e8b465ee728b)
Start importing Assets/Scripts/JuniorSister.cs using Guid(bac283a2d66ef9f409bbbcd51246bc7c) Importer(815301076,1909f56bfc062723c751e8b465ee728b)  -> (artifact id: 'b741b60153fd172c5e8746e17b093663') in 0.021177 seconds
  Import took 0.049792 seconds .

========================================================================
Received Prepare
Registering precompiled user dll's ...
Registered in 0.019435 seconds.
Begin MonoManager ReloadAssembly
Native extension for WindowsStandalone target not found
Native extension for WebGL target not found
Refreshing native plugins compatible for Editor in 0.65 ms, found 1 plugins.
Preloading 0 native plugins for Editor in 0.00 ms.
Mono: successfully reloaded assembly
- Completed reload, in  3.592 seconds
Platform modules already initialized, skipping
Refreshing native plugins compatible for Editor in 1.18 ms, found 1 plugins.
Preloading 0 native plugins for Editor in 0.00 ms.
Unloading 2118 Unused Serialized files (Serialized files now loaded: 0)
System memory in use before: 97.7 MB.
System memory in use after: 97.7 MB.

Unloading 25 unused Assets to reduce memory usage. Loaded Objects now: 2647.
Total: 3.148800 ms (FindLiveObjects: 0.300500 ms CreateObjectMapping: 0.141700 ms MarkObjects: 2.545700 ms  DeleteObjects: 0.159300 ms)

========================================================================
Received Prepare
Registering precompiled user dll's ...
Registered in 0.009210 seconds.
Begin MonoManager ReloadAssembly
Native extension for WindowsStandalone target not found
Native extension for WebGL target not found
Refreshing native plugins compatible for Editor in 0.88 ms, found 1 plugins.
Preloading 0 native plugins for Editor in 0.00 ms.
Mono: successfully reloaded assembly
- Completed reload, in  1.551 seconds
Platform modules already initialized, skipping
Refreshing native plugins compatible for Editor in 0.79 ms, found 1 plugins.
Preloading 0 native plugins for Editor in 0.00 ms.
Unloading 2118 Unused Serialized files (Serialized files now loaded: 0)
System memory in use before: 97.7 MB.
System memory in use after: 97.7 MB.

Unloading 25 unused Assets to reduce memory usage. Loaded Objects now: 2651.
Total: 5.146700 ms (FindLiveObjects: 0.481500 ms CreateObjectMapping: 0.316600 ms MarkObjects: 3.884800 ms  DeleteObjects: 0.461200 ms)

========================================================================
Received Prepare
Registering precompiled user dll's ...
Registered in 0.015091 seconds.
Begin MonoManager ReloadAssembly
Native extension for WindowsStandalone target not found
Native extension for WebGL target not found
Refreshing native plugins compatible for Editor in 1.09 ms, found 1 plugins.
Preloading 0 native plugins for Editor in 0.00 ms.
Mono: successfully reloaded assembly
- Completed reload, in  1.596 seconds
Platform modules already initialized, skipping
Refreshing native plugins compatible for Editor in 0.69 ms, found 1 plugins.
Preloading 0 native plugins for Editor in 0.00 ms.
Unloading 2118 Unused Serialized files (Serialized files now loaded: 0)
System memory in use before: 97.7 MB.
System memory in use after: 97.7 MB.

Unloading 25 unused Assets to reduce memory usage. Loaded Objects now: 2655.
Total: 3.525500 ms (FindLiveObjects: 0.330700 ms CreateObjectMapping: 0.118000 ms MarkObjects: 2.831400 ms  DeleteObjects: 0.243700 ms)

